  Camera.cpp
  DDSTextureLoader12.cpp
  FBXLoader.cpp
  GameFramework.cpp
  GameScene.cpp
  Instance.cpp
  Lighting.cpp
  Material.cpp
  Mesh.cpp
C:\Users\User\Desktop\Zenith of Challenger\Zenith_of_Challenger\Zenith of Challenger\Zenith of Challenger\Mesh.cpp(37,20): warning C4244: 'return': '_Ty'에서 'FLOAT'(으)로 변환하면서 데이터가 손실될 수 있습니다.
C:\Users\User\Desktop\Zenith of Challenger\Zenith_of_Challenger\Zenith of Challenger\Zenith of Challenger\Mesh.cpp(37,20): warning C4244:         with
C:\Users\User\Desktop\Zenith of Challenger\Zenith_of_Challenger\Zenith of Challenger\Zenith of Challenger\Mesh.cpp(37,20): warning C4244:         [
C:\Users\User\Desktop\Zenith of Challenger\Zenith_of_Challenger\Zenith of Challenger\Zenith of Challenger\Mesh.cpp(37,20): warning C4244:             _Ty=double
C:\Users\User\Desktop\Zenith of Challenger\Zenith_of_Challenger\Zenith of Challenger\Zenith of Challenger\Mesh.cpp(37,20): warning C4244:         ]
C:\Users\User\Desktop\Zenith of Challenger\Zenith_of_Challenger\Zenith of Challenger\Zenith of Challenger\Mesh.cpp(40,16): warning C4244: 'return': '_Ty'에서 'FLOAT'(으)로 변환하면서 데이터가 손실될 수 있습니다.
C:\Users\User\Desktop\Zenith of Challenger\Zenith_of_Challenger\Zenith of Challenger\Zenith of Challenger\Mesh.cpp(40,16): warning C4244:         with
C:\Users\User\Desktop\Zenith of Challenger\Zenith_of_Challenger\Zenith of Challenger\Zenith of Challenger\Mesh.cpp(40,16): warning C4244:         [
C:\Users\User\Desktop\Zenith of Challenger\Zenith_of_Challenger\Zenith of Challenger\Zenith of Challenger\Mesh.cpp(40,16): warning C4244:             _Ty=double
C:\Users\User\Desktop\Zenith of Challenger\Zenith_of_Challenger\Zenith of Challenger\Zenith of Challenger\Mesh.cpp(40,16): warning C4244:         ]
  Object.cpp
  Player.cpp
  Scene.cpp
  SceneManager.cpp
  Shader.cpp
  StartScene.cpp
  stdafx.cpp
  texture.cpp
  Timer.cpp
  WICTextureLoader12.cpp
  Zenith of Challenger.cpp
  코드를 생성하고 있습니다.
  1659 of 3242 functions (51.2%) were compiled, the rest were copied from previous compilation.
    477 functions were new in current compilation
    286 functions had inline decision re-evaluated but remain unchanged
  코드를 생성했습니다.
  Zenith of Challenger.vcxproj -> C:\Users\User\Desktop\Zenith of Challenger\Zenith_of_Challenger\Zenith of Challenger\x64\Release\Zenith of Challenger.exe
