c:\users\user\desktop\zenith of challenger\zenith_of_challenger\zenith of challenger\zenith of challenger\x64\debug\vc143.pdb
c:\users\user\desktop\zenith of challenger\zenith_of_challenger\zenith of challenger\zenith of challenger\x64\debug\vc143.idb
c:\users\user\desktop\zenith of challenger\zenith_of_challenger\zenith of challenger\zenith of challenger\x64\debug\stdafx.obj
c:\users\user\desktop\zenith of challenger\zenith_of_challenger\zenith of challenger\zenith of challenger\x64\debug\zenith of challenger.obj
c:\users\user\desktop\zenith of challenger\zenith_of_challenger\zenith of challenger\zenith of challenger\x64\debug\wictextureloader12.obj
c:\users\user\desktop\zenith of challenger\zenith_of_challenger\zenith of challenger\zenith of challenger\x64\debug\timer.obj
c:\users\user\desktop\zenith of challenger\zenith_of_challenger\zenith of challenger\zenith of challenger\x64\debug\shader.obj
c:\users\user\desktop\zenith of challenger\zenith_of_challenger\zenith of challenger\zenith of challenger\x64\debug\scene.obj
c:\users\user\desktop\zenith of challenger\zenith_of_challenger\zenith of challenger\zenith of challenger\x64\debug\player.obj
c:\users\user\desktop\zenith of challenger\zenith_of_challenger\zenith of challenger\zenith of challenger\x64\debug\object.obj
c:\users\user\desktop\zenith of challenger\zenith_of_challenger\zenith of challenger\zenith of challenger\x64\debug\mesh.obj
c:\users\user\desktop\zenith of challenger\zenith_of_challenger\zenith of challenger\zenith of challenger\x64\debug\gameframework.obj
c:\users\user\desktop\zenith of challenger\zenith_of_challenger\zenith of challenger\zenith of challenger\x64\debug\ddstextureloader12.obj
c:\users\user\desktop\zenith of challenger\zenith_of_challenger\zenith of challenger\zenith of challenger\x64\debug\camera.obj
c:\users\user\desktop\zenith of challenger\zenith_of_challenger\zenith of challenger\zenith of challenger\x64\debug\texture.obj
c:\users\user\desktop\zenith of challenger\zenith_of_challenger\zenith of challenger\zenith of challenger\x64\debug\lighting.obj
c:\users\user\desktop\zenith of challenger\zenith_of_challenger\zenith of challenger\zenith of challenger\x64\debug\instance.obj
c:\users\user\desktop\zenith of challenger\zenith_of_challenger\zenith of challenger\zenith of challenger\x64\debug\material.obj
c:\users\user\desktop\zenith of challenger\zenith_of_challenger\zenith of challenger\zenith of challenger\x64\debug\scenemanager.obj
c:\users\user\desktop\zenith of challenger\zenith_of_challenger\zenith of challenger\zenith of challenger\x64\debug\startscene.obj
c:\users\user\desktop\zenith of challenger\zenith_of_challenger\zenith of challenger\zenith of challenger\x64\debug\gamescene.obj
c:\users\user\desktop\zenith of challenger\zenith_of_challenger\zenith of challenger\zenith of challenger\x64\debug\fbxloader.obj
c:\users\user\desktop\zenith of challenger\zenith_of_challenger\zenith of challenger\zenith of challenger\x64\debug\zenith of challenger.res
c:\users\user\desktop\zenith of challenger\zenith_of_challenger\zenith of challenger\zenith of challenger\x64\debug\zenith of challenger.ilk
c:\users\user\desktop\zenith of challenger\zenith_of_challenger\zenith of challenger\x64\debug\zenith of challenger.pdb
c:\users\user\desktop\zenith of challenger\zenith_of_challenger\zenith of challenger\x64\debug\zenith of challenger.exe
c:\users\user\desktop\zenith of challenger\zenith_of_challenger\zenith of challenger\zenith of challenger\x64\debug\zenith o.5cadcc95.tlog\cl.command.1.tlog
c:\users\user\desktop\zenith of challenger\zenith_of_challenger\zenith of challenger\zenith of challenger\x64\debug\zenith o.5cadcc95.tlog\cl.items.tlog
c:\users\user\desktop\zenith of challenger\zenith_of_challenger\zenith of challenger\zenith of challenger\x64\debug\zenith o.5cadcc95.tlog\cl.read.1.tlog
c:\users\user\desktop\zenith of challenger\zenith_of_challenger\zenith of challenger\zenith of challenger\x64\debug\zenith o.5cadcc95.tlog\cl.write.1.tlog
c:\users\user\desktop\zenith of challenger\zenith_of_challenger\zenith of challenger\zenith of challenger\x64\debug\zenith o.5cadcc95.tlog\fxc.command.1.tlog
c:\users\user\desktop\zenith of challenger\zenith_of_challenger\zenith of challenger\zenith of challenger\x64\debug\zenith o.5cadcc95.tlog\fxc.read.1.tlog
c:\users\user\desktop\zenith of challenger\zenith_of_challenger\zenith of challenger\zenith of challenger\x64\debug\zenith o.5cadcc95.tlog\link.command.1.tlog
c:\users\user\desktop\zenith of challenger\zenith_of_challenger\zenith of challenger\zenith of challenger\x64\debug\zenith o.5cadcc95.tlog\link.read.1.tlog
c:\users\user\desktop\zenith of challenger\zenith_of_challenger\zenith of challenger\zenith of challenger\x64\debug\zenith o.5cadcc95.tlog\link.secondary.1.tlog
c:\users\user\desktop\zenith of challenger\zenith_of_challenger\zenith of challenger\zenith of challenger\x64\debug\zenith o.5cadcc95.tlog\link.write.1.tlog
c:\users\user\desktop\zenith of challenger\zenith_of_challenger\zenith of challenger\zenith of challenger\x64\debug\zenith o.5cadcc95.tlog\rc.command.1.tlog
c:\users\user\desktop\zenith of challenger\zenith_of_challenger\zenith of challenger\zenith of challenger\x64\debug\zenith o.5cadcc95.tlog\rc.read.1.tlog
c:\users\user\desktop\zenith of challenger\zenith_of_challenger\zenith of challenger\zenith of challenger\x64\debug\zenith o.5cadcc95.tlog\rc.write.1.tlog
